<?xml version="1.0" encoding="UTF-8"?>
<coverage generated="1643674080203" clover="3.2.0">
  <project timestamp="1643674080203" name="All files">
    <metrics statements="72" coveredstatements="57" conditionals="17" coveredconditionals="10" methods="20" coveredmethods="17" elements="109" coveredelements="84" complexity="0" loc="72" ncloc="72" packages="1" files="1" classes="1"/>
    <file name="Events.js" path="C:\Users\Taylor\Documents\info443\project-1-TaylorJackson10\src\components\Events.js">
      <metrics statements="72" coveredstatements="57" conditionals="17" coveredconditionals="10" methods="20" coveredmethods="17"/>
      <line num="14" count="5" type="stmt"/>
      <line num="17" count="4" type="stmt"/>
      <line num="18" count="2" type="stmt"/>
      <line num="19" count="2" type="stmt"/>
      <line num="20" count="2" type="stmt"/>
      <line num="21" count="2" type="cond" truecount="1" falsecount="1"/>
      <line num="22" count="2" type="stmt"/>
      <line num="24" count="0" type="stmt"/>
      <line num="29" count="4" type="stmt"/>
      <line num="30" count="4" type="stmt"/>
      <line num="31" count="4" type="stmt"/>
      <line num="32" count="4" type="stmt"/>
      <line num="33" count="4" type="stmt"/>
      <line num="34" count="4" type="stmt"/>
      <line num="38" count="4" type="stmt"/>
      <line num="45" count="4" type="stmt"/>
      <line num="46" count="0" type="stmt"/>
      <line num="52" count="4" type="stmt"/>
      <line num="54" count="4" type="stmt"/>
      <line num="55" count="4" type="stmt"/>
      <line num="57" count="4" type="cond" truecount="1" falsecount="1"/>
      <line num="58" count="4" type="cond" truecount="1" falsecount="1"/>
      <line num="59" count="4" type="cond" truecount="1" falsecount="1"/>
      <line num="61" count="4" type="cond" truecount="3" falsecount="0"/>
      <line num="64" count="4" type="stmt"/>
      <line num="67" count="4" type="stmt"/>
      <line num="93" count="6" type="stmt"/>
      <line num="95" count="6" type="stmt"/>
      <line num="96" count="2" type="stmt"/>
      <line num="99" count="6" type="stmt"/>
      <line num="105" count="1" type="stmt"/>
      <line num="119" count="0" type="stmt"/>
      <line num="123" count="1" type="stmt"/>
      <line num="142" count="6" type="stmt"/>
      <line num="143" count="5" type="stmt"/>
      <line num="144" count="5" type="stmt"/>
      <line num="145" count="5" type="stmt"/>
      <line num="146" count="5" type="stmt"/>
      <line num="147" count="5" type="stmt"/>
      <line num="148" count="5" type="stmt"/>
      <line num="149" count="5" type="stmt"/>
      <line num="151" count="5" type="stmt"/>
      <line num="181" count="2" type="stmt"/>
      <line num="182" count="18" type="stmt"/>
      <line num="185" count="2" type="stmt"/>
      <line num="186" count="16" type="stmt"/>
      <line num="199" count="2" type="stmt"/>
      <line num="200" count="2" type="stmt"/>
      <line num="202" count="2" type="stmt"/>
      <line num="203" count="2" type="stmt"/>
      <line num="204" count="2" type="cond" truecount="1" falsecount="1"/>
      <line num="205" count="2" type="stmt"/>
      <line num="210" count="2" type="stmt"/>
      <line num="211" count="1" type="stmt"/>
      <line num="212" count="1" type="cond" truecount="1" falsecount="1"/>
      <line num="213" count="1" type="stmt"/>
      <line num="214" count="1" type="stmt"/>
      <line num="215" count="0" type="stmt"/>
      <line num="216" count="0" type="stmt"/>
      <line num="217" count="0" type="stmt"/>
      <line num="218" count="0" type="stmt"/>
      <line num="219" count="0" type="stmt"/>
      <line num="220" count="0" type="stmt"/>
      <line num="221" count="0" type="stmt"/>
      <line num="223" count="0" type="stmt"/>
      <line num="235" count="0" type="stmt"/>
      <line num="236" count="0" type="stmt"/>
      <line num="238" count="0" type="stmt"/>
      <line num="243" count="2" type="stmt"/>
      <line num="339" count="3" type="cond" truecount="1" falsecount="1"/>
      <line num="340" count="0" type="stmt"/>
      <line num="342" count="3" type="stmt"/>
    </file>
  </project>
</coverage>
