<?xml version="1.0" encoding="UTF-8"?>
<coverage generated="1644286372473" clover="3.2.0">
  <project timestamp="1644286372473" name="All files">
    <metrics statements="79" coveredstatements="72" conditionals="17" coveredconditionals="10" methods="21" coveredmethods="18" elements="117" coveredelements="100" complexity="0" loc="79" ncloc="79" packages="1" files="1" classes="1"/>
    <file name="Events.js" path="C:\Users\IWPARK\OneDrive\Documents\project-1-TaylorJackson10\src\components\Events.js">
      <metrics statements="79" coveredstatements="72" conditionals="17" coveredconditionals="10" methods="21" coveredmethods="18"/>
      <line num="14" count="5" type="stmt"/>
      <line num="17" count="4" type="stmt"/>
      <line num="18" count="2" type="stmt"/>
      <line num="19" count="2" type="stmt"/>
      <line num="20" count="2" type="stmt"/>
      <line num="21" count="4" type="cond" truecount="1" falsecount="1"/>
      <line num="22" count="4" type="stmt"/>
      <line num="24" count="0" type="stmt"/>
      <line num="27" count="2" type="stmt"/>
      <line num="28" count="2" type="stmt"/>
      <line num="29" count="2" type="stmt"/>
      <line num="33" count="4" type="stmt"/>
      <line num="34" count="4" type="stmt"/>
      <line num="35" count="4" type="stmt"/>
      <line num="36" count="4" type="stmt"/>
      <line num="37" count="4" type="stmt"/>
      <line num="38" count="4" type="stmt"/>
      <line num="39" count="4" type="stmt"/>
      <line num="40" count="4" type="stmt"/>
      <line num="41" count="4" type="stmt"/>
      <line num="45" count="4" type="stmt"/>
      <line num="52" count="4" type="stmt"/>
      <line num="53" count="0" type="stmt"/>
      <line num="59" count="4" type="stmt"/>
      <line num="61" count="4" type="stmt"/>
      <line num="62" count="4" type="stmt"/>
      <line num="64" count="4" type="cond" truecount="1" falsecount="1"/>
      <line num="65" count="4" type="cond" truecount="1" falsecount="1"/>
      <line num="66" count="4" type="cond" truecount="1" falsecount="1"/>
      <line num="68" count="4" type="cond" truecount="3" falsecount="0"/>
      <line num="71" count="4" type="stmt"/>
      <line num="72" count="4" type="stmt"/>
      <line num="73" count="4" type="stmt"/>
      <line num="77" count="4" type="stmt"/>
      <line num="103" count="6" type="stmt"/>
      <line num="105" count="6" type="stmt"/>
      <line num="106" count="2" type="stmt"/>
      <line num="109" count="6" type="stmt"/>
      <line num="115" count="1" type="stmt"/>
      <line num="129" count="0" type="stmt"/>
      <line num="133" count="1" type="stmt"/>
      <line num="152" count="6" type="stmt"/>
      <line num="153" count="5" type="stmt"/>
      <line num="154" count="5" type="stmt"/>
      <line num="155" count="5" type="stmt"/>
      <line num="156" count="5" type="stmt"/>
      <line num="157" count="5" type="stmt"/>
      <line num="158" count="5" type="stmt"/>
      <line num="159" count="5" type="stmt"/>
      <line num="161" count="5" type="stmt"/>
      <line num="191" count="2" type="stmt"/>
      <line num="192" count="18" type="stmt"/>
      <line num="195" count="2" type="stmt"/>
      <line num="196" count="16" type="stmt"/>
      <line num="210" count="2" type="stmt"/>
      <line num="211" count="2" type="stmt"/>
      <line num="213" count="2" type="stmt"/>
      <line num="214" count="2" type="stmt"/>
      <line num="215" count="2" type="cond" truecount="1" falsecount="1"/>
      <line num="216" count="2" type="stmt"/>
      <line num="221" count="2" type="stmt"/>
      <line num="222" count="1" type="stmt"/>
      <line num="224" count="1" type="cond" truecount="1" falsecount="1"/>
      <line num="226" count="1" type="stmt"/>
      <line num="227" count="1" type="stmt"/>
      <line num="228" count="1" type="stmt"/>
      <line num="229" count="1" type="stmt"/>
      <line num="230" count="1" type="stmt"/>
      <line num="231" count="1" type="stmt"/>
      <line num="232" count="1" type="stmt"/>
      <line num="233" count="1" type="stmt"/>
      <line num="235" count="1" type="stmt"/>
      <line num="247" count="0" type="stmt"/>
      <line num="248" count="0" type="stmt"/>
      <line num="250" count="0" type="stmt"/>
      <line num="255" count="2" type="stmt"/>
      <line num="351" count="3" type="cond" truecount="1" falsecount="1"/>
      <line num="352" count="0" type="stmt"/>
      <line num="354" count="3" type="stmt"/>
    </file>
  </project>
</coverage>
