{"C:\\Users\\IWPARK\\OneDrive\\Documents\\project-1-TaylorJackson10\\src\\components\\Events.js": {"path":"C:\\Users\\IWPARK\\OneDrive\\Documents\\project-1-TaylorJackson10\\src\\components\\Events.js","statementMap":{"0":{"start":{"line":14,"column":35},"end":{"line":14,"column":47}},"1":{"start":{"line":17,"column":2},"end":{"line":32,"column":9}},"2":{"start":{"line":18,"column":15},"end":{"line":18,"column":28}},"3":{"start":{"line":19,"column":25},"end":{"line":19,"column":42}},"4":{"start":{"line":20,"column":25},"end":{"line":26,"column":8}},"5":{"start":{"line":21,"column":8},"end":{"line":25,"column":9}},"6":{"start":{"line":22,"column":12},"end":{"line":22,"column":38}},"7":{"start":{"line":24,"column":10},"end":{"line":24,"column":43}},"8":{"start":{"line":27,"column":4},"end":{"line":31,"column":5}},"9":{"start":{"line":28,"column":6},"end":{"line":28,"column":19}},"10":{"start":{"line":29,"column":6},"end":{"line":29,"column":21}},"11":{"start":{"line":30,"column":6},"end":{"line":30,"column":48}},"12":{"start":{"line":34,"column":21},"end":{"line":34,"column":32}},"13":{"start":{"line":35,"column":24},"end":{"line":35,"column":47}},"14":{"start":{"line":36,"column":25},"end":{"line":40,"column":4}},"15":{"start":{"line":37,"column":28},"end":{"line":37,"column":48}},"16":{"start":{"line":38,"column":4},"end":{"line":38,"column":30}},"17":{"start":{"line":39,"column":4},"end":{"line":39,"column":27}},"18":{"start":{"line":43,"column":32},"end":{"line":47,"column":4}},"19":{"start":{"line":50,"column":29},"end":{"line":55,"column":3}},"20":{"start":{"line":51,"column":4},"end":{"line":54,"column":7}},"21":{"start":{"line":51,"column":27},"end":{"line":54,"column":5}},"22":{"start":{"line":57,"column":19},"end":{"line":57,"column":80}},"23":{"start":{"line":59,"column":21},"end":{"line":71,"column":4}},"24":{"start":{"line":60,"column":42},"end":{"line":60,"column":49}},"25":{"start":{"line":62,"column":29},"end":{"line":62,"column":71}},"26":{"start":{"line":63,"column":36},"end":{"line":63,"column":95}},"27":{"start":{"line":64,"column":28},"end":{"line":64,"column":67}},"28":{"start":{"line":66,"column":4},"end":{"line":66,"column":70}},"29":{"start":{"line":69,"column":6},"end":{"line":69,"column":60}},"30":{"start":{"line":73,"column":2},"end":{"line":95,"column":4}},"31":{"start":{"line":99,"column":20},"end":{"line":99,"column":25}},"32":{"start":{"line":101,"column":19},"end":{"line":103,"column":3}},"33":{"start":{"line":102,"column":4},"end":{"line":102,"column":30}},"34":{"start":{"line":105,"column":2},"end":{"line":144,"column":3}},"35":{"start":{"line":111,"column":122},"end":{"line":111,"column":166}},"36":{"start":{"line":125,"column":145},"end":{"line":125,"column":181}},"37":{"start":{"line":129,"column":101},"end":{"line":129,"column":138}},"38":{"start":{"line":148,"column":17},"end":{"line":148,"column":27}},"39":{"start":{"line":149,"column":16},"end":{"line":149,"column":24}},"40":{"start":{"line":150,"column":17},"end":{"line":150,"column":26}},"41":{"start":{"line":151,"column":16},"end":{"line":151,"column":24}},"42":{"start":{"line":152,"column":21},"end":{"line":152,"column":34}},"43":{"start":{"line":153,"column":17},"end":{"line":153,"column":26}},"44":{"start":{"line":154,"column":18},"end":{"line":154,"column":28}},"45":{"start":{"line":155,"column":17},"end":{"line":155,"column":34}},"46":{"start":{"line":157,"column":4},"end":{"line":183,"column":5}}},"fnMap":{"0":{"name":"EventPage","decl":{"start":{"line":11,"column":16},"end":{"line":11,"column":25}},"loc":{"start":{"line":11,"column":32},"end":{"line":96,"column":1}},"line":11},"1":{"name":"(anonymous_1)","decl":{"start":{"line":17,"column":12},"end":{"line":17,"column":13}},"loc":{"start":{"line":17,"column":18},"end":{"line":32,"column":3}},"line":17},"2":{"name":"(anonymous_2)","decl":{"start":{"line":20,"column":47},"end":{"line":20,"column":48}},"loc":{"start":{"line":20,"column":61},"end":{"line":26,"column":7}},"line":20},"3":{"name":"cleanup","decl":{"start":{"line":27,"column":20},"end":{"line":27,"column":27}},"loc":{"start":{"line":27,"column":30},"end":{"line":31,"column":5}},"line":27},"4":{"name":"(anonymous_4)","decl":{"start":{"line":36,"column":43},"end":{"line":36,"column":44}},"loc":{"start":{"line":36,"column":52},"end":{"line":40,"column":3}},"line":36},"5":{"name":"(anonymous_5)","decl":{"start":{"line":50,"column":29},"end":{"line":50,"column":30}},"loc":{"start":{"line":50,"column":44},"end":{"line":55,"column":3}},"line":50},"6":{"name":"(anonymous_6)","decl":{"start":{"line":51,"column":15},"end":{"line":51,"column":16}},"loc":{"start":{"line":51,"column":27},"end":{"line":54,"column":5}},"line":51},"7":{"name":"(anonymous_7)","decl":{"start":{"line":59,"column":43},"end":{"line":59,"column":44}},"loc":{"start":{"line":59,"column":51},"end":{"line":68,"column":5}},"line":59},"8":{"name":"(anonymous_8)","decl":{"start":{"line":68,"column":11},"end":{"line":68,"column":12}},"loc":{"start":{"line":68,"column":23},"end":{"line":71,"column":3}},"line":68},"9":{"name":"FilterBar","decl":{"start":{"line":98,"column":16},"end":{"line":98,"column":25}},"loc":{"start":{"line":98,"column":33},"end":{"line":145,"column":1}},"line":98},"10":{"name":"(anonymous_10)","decl":{"start":{"line":101,"column":19},"end":{"line":101,"column":20}},"loc":{"start":{"line":101,"column":35},"end":{"line":103,"column":3}},"line":101},"11":{"name":"(anonymous_11)","decl":{"start":{"line":111,"column":111},"end":{"line":111,"column":112}},"loc":{"start":{"line":111,"column":122},"end":{"line":111,"column":166}},"line":111},"12":{"name":"(anonymous_12)","decl":{"start":{"line":125,"column":134},"end":{"line":125,"column":135}},"loc":{"start":{"line":125,"column":145},"end":{"line":125,"column":181}},"line":125},"13":{"name":"(anonymous_13)","decl":{"start":{"line":129,"column":90},"end":{"line":129,"column":91}},"loc":{"start":{"line":129,"column":101},"end":{"line":129,"column":138}},"line":129},"14":{"name":"EventCard","decl":{"start":{"line":147,"column":16},"end":{"line":147,"column":25}},"loc":{"start":{"line":147,"column":33},"end":{"line":184,"column":1}},"line":147}},"branchMap":{"0":{"loc":{"start":{"line":21,"column":8},"end":{"line":25,"column":9}},"type":"if","locations":[{"start":{"line":21,"column":8},"end":{"line":25,"column":9}},{"start":{"line":23,"column":15},"end":{"line":25,"column":9}}],"line":21},"1":{"loc":{"start":{"line":62,"column":29},"end":{"line":62,"column":71}},"type":"binary-expr","locations":[{"start":{"line":62,"column":29},"end":{"line":62,"column":47}},{"start":{"line":62,"column":51},"end":{"line":62,"column":71}}],"line":62},"2":{"loc":{"start":{"line":63,"column":36},"end":{"line":63,"column":95}},"type":"binary-expr","locations":[{"start":{"line":63,"column":36},"end":{"line":63,"column":61}},{"start":{"line":63,"column":65},"end":{"line":63,"column":95}}],"line":63},"3":{"loc":{"start":{"line":64,"column":28},"end":{"line":64,"column":67}},"type":"binary-expr","locations":[{"start":{"line":64,"column":28},"end":{"line":64,"column":45}},{"start":{"line":64,"column":49},"end":{"line":64,"column":67}}],"line":64},"4":{"loc":{"start":{"line":66,"column":11},"end":{"line":66,"column":70}},"type":"binary-expr","locations":[{"start":{"line":66,"column":11},"end":{"line":66,"column":26}},{"start":{"line":66,"column":30},"end":{"line":66,"column":52}},{"start":{"line":66,"column":56},"end":{"line":66,"column":70}}],"line":66}},"s":{"0":4,"1":4,"2":2,"3":2,"4":2,"5":4,"6":4,"7":0,"8":2,"9":2,"10":2,"11":2,"12":4,"13":4,"14":4,"15":4,"16":4,"17":4,"18":4,"19":4,"20":0,"21":0,"22":4,"23":4,"24":4,"25":4,"26":4,"27":4,"28":4,"29":4,"30":4,"31":6,"32":6,"33":3,"34":6,"35":1,"36":1,"37":1,"38":5,"39":5,"40":5,"41":5,"42":5,"43":5,"44":5,"45":5,"46":5},"f":{"0":4,"1":2,"2":4,"3":2,"4":4,"5":0,"6":0,"7":4,"8":4,"9":6,"10":3,"11":1,"12":1,"13":1,"14":5},"b":{"0":[4,0],"1":[4,0],"2":[4,0],"3":[4,0],"4":[4,4,4]},"_coverageSchema":"1a1c01bbd47fc00a2c39e90264f33305004495a9","hash":"f58ec5891982ad3188d11859a45ce97791ab1072"}
,"C:\\Users\\IWPARK\\OneDrive\\Documents\\project-1-TaylorJackson10\\src\\components\\NewEvent.js": {"path":"C:\\Users\\IWPARK\\OneDrive\\Documents\\project-1-TaylorJackson10\\src\\components\\NewEvent.js","statementMap":{"0":{"start":{"line":7,"column":20},"end":{"line":9,"column":6}},"1":{"start":{"line":8,"column":6},"end":{"line":8,"column":83}},"2":{"start":{"line":11,"column":23},"end":{"line":13,"column":6}},"3":{"start":{"line":12,"column":6},"end":{"line":12,"column":85}},"4":{"start":{"line":14,"column":32},"end":{"line":14,"column":42}},"5":{"start":{"line":15,"column":40},"end":{"line":15,"column":54}},"6":{"start":{"line":17,"column":4},"end":{"line":27,"column":11}},"7":{"start":{"line":18,"column":19},"end":{"line":18,"column":28}},"8":{"start":{"line":19,"column":27},"end":{"line":23,"column":8}},"9":{"start":{"line":20,"column":10},"end":{"line":22,"column":11}},"10":{"start":{"line":21,"column":12},"end":{"line":21,"column":26}},"11":{"start":{"line":24,"column":6},"end":{"line":26,"column":7}},"12":{"start":{"line":25,"column":8},"end":{"line":25,"column":23}},"13":{"start":{"line":29,"column":25},"end":{"line":55,"column":5}},"14":{"start":{"line":30,"column":6},"end":{"line":30,"column":29}},"15":{"start":{"line":31,"column":19},"end":{"line":31,"column":55}},"16":{"start":{"line":32,"column":24},"end":{"line":32,"column":61}},"17":{"start":{"line":33,"column":18},"end":{"line":33,"column":49}},"18":{"start":{"line":34,"column":19},"end":{"line":34,"column":51}},"19":{"start":{"line":35,"column":23},"end":{"line":35,"column":59}},"20":{"start":{"line":36,"column":20},"end":{"line":36,"column":53}},"21":{"start":{"line":37,"column":27},"end":{"line":37,"column":67}},"22":{"start":{"line":38,"column":17},"end":{"line":38,"column":30}},"23":{"start":{"line":39,"column":6},"end":{"line":53,"column":7}},"24":{"start":{"line":40,"column":8},"end":{"line":48,"column":11}},"25":{"start":{"line":50,"column":31},"end":{"line":50,"column":73}},"26":{"start":{"line":51,"column":10},"end":{"line":51,"column":56}},"27":{"start":{"line":52,"column":10},"end":{"line":52,"column":38}},"28":{"start":{"line":57,"column":4},"end":{"line":149,"column":5}},"29":{"start":{"line":153,"column":4},"end":{"line":159,"column":5}},"30":{"start":{"line":154,"column":8},"end":{"line":154,"column":20}},"31":{"start":{"line":156,"column":8},"end":{"line":158,"column":10}}},"fnMap":{"0":{"name":"NewEvent","decl":{"start":{"line":6,"column":16},"end":{"line":6,"column":24}},"loc":{"start":{"line":6,"column":32},"end":{"line":150,"column":3}},"line":6},"1":{"name":"(anonymous_1)","decl":{"start":{"line":7,"column":37},"end":{"line":7,"column":38}},"loc":{"start":{"line":7,"column":59},"end":{"line":9,"column":5}},"line":7},"2":{"name":"(anonymous_2)","decl":{"start":{"line":11,"column":43},"end":{"line":11,"column":44}},"loc":{"start":{"line":11,"column":63},"end":{"line":13,"column":5}},"line":11},"3":{"name":"(anonymous_3)","decl":{"start":{"line":17,"column":14},"end":{"line":17,"column":15}},"loc":{"start":{"line":17,"column":20},"end":{"line":27,"column":5}},"line":17},"4":{"name":"(anonymous_4)","decl":{"start":{"line":19,"column":52},"end":{"line":19,"column":53}},"loc":{"start":{"line":19,"column":62},"end":{"line":23,"column":7}},"line":19},"5":{"name":"cleanup","decl":{"start":{"line":24,"column":22},"end":{"line":24,"column":29}},"loc":{"start":{"line":24,"column":32},"end":{"line":26,"column":7}},"line":24},"6":{"name":"(anonymous_6)","decl":{"start":{"line":29,"column":25},"end":{"line":29,"column":26}},"loc":{"start":{"line":29,"column":36},"end":{"line":55,"column":5}},"line":29},"7":{"name":"ErrorHandler","decl":{"start":{"line":152,"column":18},"end":{"line":152,"column":30}},"loc":{"start":{"line":152,"column":38},"end":{"line":160,"column":3}},"line":152}},"branchMap":{"0":{"loc":{"start":{"line":20,"column":10},"end":{"line":22,"column":11}},"type":"if","locations":[{"start":{"line":20,"column":10},"end":{"line":22,"column":11}},{"start":{},"end":{}}],"line":20},"1":{"loc":{"start":{"line":39,"column":6},"end":{"line":53,"column":7}},"type":"if","locations":[{"start":{"line":39,"column":6},"end":{"line":53,"column":7}},{"start":{"line":49,"column":13},"end":{"line":53,"column":7}}],"line":39},"2":{"loc":{"start":{"line":153,"column":4},"end":{"line":159,"column":5}},"type":"if","locations":[{"start":{"line":153,"column":4},"end":{"line":159,"column":5}},{"start":{"line":155,"column":11},"end":{"line":159,"column":5}}],"line":153}},"s":{"0":4,"1":36,"2":4,"3":32,"4":4,"5":4,"6":4,"7":2,"8":2,"9":2,"10":2,"11":2,"12":2,"13":4,"14":1,"15":1,"16":1,"17":1,"18":1,"19":1,"20":1,"21":1,"22":1,"23":1,"24":1,"25":0,"26":0,"27":0,"28":4,"29":5,"30":0,"31":5},"f":{"0":4,"1":36,"2":32,"3":2,"4":2,"5":2,"6":1,"7":5},"b":{"0":[2,0],"1":[1,0],"2":[0,5]},"_coverageSchema":"1a1c01bbd47fc00a2c39e90264f33305004495a9","hash":"230286244778b62f3353fb464f84d543efc24d71"}
}
