TN:
SF:src\components\Events.js
FN:11,Events
FN:17,(anonymous_1)
FN:20,(anonymous_2)
FN:27,cleanup
FN:37,(anonymous_4)
FN:52,(anonymous_5)
FN:53,(anonymous_6)
FN:61,(anonymous_7)
FN:70,(anonymous_8)
FN:102,Filter
FN:105,(anonymous_10)
FN:115,(anonymous_11)
FN:129,(anonymous_12)
FN:133,(anonymous_13)
FN:151,BigCard
FN:190,NewEvent
FN:191,(anonymous_16)
FN:195,(anonymous_17)
FN:214,(anonymous_18)
FN:221,(anonymous_19)
FN:350,ErrorHandler
FNF:21
FNH:18
FNDA:5,Events
FNDA:2,(anonymous_1)
FNDA:4,(anonymous_2)
FNDA:2,cleanup
FNDA:4,(anonymous_4)
FNDA:0,(anonymous_5)
FNDA:0,(anonymous_6)
FNDA:4,(anonymous_7)
FNDA:4,(anonymous_8)
FNDA:6,Filter
FNDA:2,(anonymous_10)
FNDA:1,(anonymous_11)
FNDA:0,(anonymous_12)
FNDA:1,(anonymous_13)
FNDA:6,BigCard
FNDA:2,NewEvent
FNDA:18,(anonymous_16)
FNDA:16,(anonymous_17)
FNDA:2,(anonymous_18)
FNDA:1,(anonymous_19)
FNDA:3,ErrorHandler
DA:14,5
DA:17,4
DA:18,2
DA:19,2
DA:20,2
DA:21,4
DA:22,4
DA:24,0
DA:27,2
DA:28,2
DA:29,2
DA:33,4
DA:34,4
DA:35,4
DA:36,4
DA:37,4
DA:38,4
DA:39,4
DA:40,4
DA:41,4
DA:45,4
DA:52,4
DA:53,0
DA:59,4
DA:61,4
DA:62,4
DA:64,4
DA:65,4
DA:66,4
DA:68,4
DA:71,4
DA:72,4
DA:73,4
DA:77,4
DA:103,6
DA:105,6
DA:106,2
DA:109,6
DA:115,1
DA:129,0
DA:133,1
DA:152,6
DA:153,5
DA:154,5
DA:155,5
DA:156,5
DA:157,5
DA:158,5
DA:159,5
DA:161,5
DA:191,2
DA:192,18
DA:195,2
DA:196,16
DA:210,2
DA:211,2
DA:213,2
DA:214,2
DA:215,2
DA:216,2
DA:221,2
DA:222,1
DA:224,1
DA:226,1
DA:227,1
DA:228,1
DA:229,1
DA:230,1
DA:231,1
DA:232,1
DA:233,1
DA:235,1
DA:247,0
DA:248,0
DA:250,0
DA:255,2
DA:351,3
DA:352,0
DA:354,3
LF:79
LH:72
BRDA:21,0,0,4
BRDA:21,0,1,0
BRDA:64,1,0,4
BRDA:64,1,1,0
BRDA:65,2,0,4
BRDA:65,2,1,0
BRDA:66,3,0,4
BRDA:66,3,1,0
BRDA:68,4,0,4
BRDA:68,4,1,4
BRDA:68,4,2,4
BRDA:215,5,0,2
BRDA:215,5,1,0
BRDA:224,6,0,1
BRDA:224,6,1,0
BRDA:351,7,0,0
BRDA:351,7,1,3
BRF:17
BRH:10
end_of_record
