TN:
SF:src\components\App.js
FN:18,App
FNF:1
FNH:0
FNDA:0,App
DA:19,0
LF:1
LH:0
BRF:0
BRH:0
end_of_record
TN:
SF:src\components\Events.js
FN:11,EventPage
FN:17,(anonymous_1)
FN:20,(anonymous_2)
FN:27,cleanup
FN:35,(anonymous_4)
FN:49,(anonymous_5)
FN:50,(anonymous_6)
FN:58,(anonymous_7)
FN:67,(anonymous_8)
FN:97,FilterBar
FN:100,(anonymous_10)
FN:110,(anonymous_11)
FN:124,(anonymous_12)
FN:128,(anonymous_13)
FN:146,EventCard
FNF:15
FNH:13
FNDA:5,EventPage
FNDA:2,(anonymous_1)
FNDA:4,(anonymous_2)
FNDA:2,cleanup
FNDA:4,(anonymous_4)
FNDA:0,(anonymous_5)
FNDA:0,(anonymous_6)
FNDA:4,(anonymous_7)
FNDA:4,(anonymous_8)
FNDA:6,FilterBar
FNDA:3,(anonymous_10)
FNDA:1,(anonymous_11)
FNDA:1,(anonymous_12)
FNDA:1,(anonymous_13)
FNDA:5,EventCard
DA:14,5
DA:17,4
DA:18,2
DA:19,2
DA:20,2
DA:21,4
DA:22,4
DA:24,0
DA:27,2
DA:28,2
DA:29,2
DA:33,4
DA:34,4
DA:35,4
DA:36,4
DA:37,4
DA:38,4
DA:42,4
DA:49,4
DA:50,0
DA:56,4
DA:58,4
DA:59,4
DA:61,4
DA:62,4
DA:63,4
DA:65,4
DA:68,4
DA:72,4
DA:98,6
DA:100,6
DA:101,3
DA:104,6
DA:110,1
DA:124,1
DA:128,1
DA:147,5
DA:148,5
DA:149,5
DA:150,5
DA:151,5
DA:152,5
DA:153,5
DA:154,5
DA:156,5
LF:45
LH:43
BRDA:21,0,0,4
BRDA:21,0,1,0
BRDA:61,1,0,4
BRDA:61,1,1,0
BRDA:62,2,0,4
BRDA:62,2,1,0
BRDA:63,3,0,4
BRDA:63,3,1,0
BRDA:65,4,0,4
BRDA:65,4,1,4
BRDA:65,4,2,4
BRF:11
BRH:7
end_of_record
TN:
SF:src\components\NewEvent.js
FN:6,NewEvent
FN:7,(anonymous_1)
FN:11,(anonymous_2)
FN:17,(anonymous_3)
FN:19,(anonymous_4)
FN:24,cleanup
FN:30,(anonymous_6)
FN:155,ErrorHandler
FNF:8
FNH:8
FNDA:4,NewEvent
FNDA:36,(anonymous_1)
FNDA:32,(anonymous_2)
FNDA:2,(anonymous_3)
FNDA:2,(anonymous_4)
FNDA:2,cleanup
FNDA:1,(anonymous_6)
FNDA:5,ErrorHandler
DA:7,4
DA:8,36
DA:11,4
DA:12,32
DA:14,4
DA:15,4
DA:17,4
DA:18,2
DA:19,2
DA:20,2
DA:21,2
DA:24,2
DA:25,2
DA:26,2
DA:30,4
DA:31,1
DA:32,1
DA:33,1
DA:34,1
DA:35,1
DA:36,1
DA:37,1
DA:38,1
DA:39,1
DA:40,1
DA:41,1
DA:53,0
DA:54,0
DA:55,0
DA:60,4
DA:156,5
DA:157,0
DA:159,5
LF:33
LH:29
BRDA:20,0,0,2
BRDA:20,0,1,0
BRDA:40,1,0,1
BRDA:40,1,1,0
BRDA:156,2,0,0
BRDA:156,2,1,5
BRF:6
BRH:3
end_of_record
